features/home/subjects/build/intermediates/manifest_merge_blame_file/debug/manifest-merger-blame-debug-report.txt
1<?xml version="1.0" encoding="utf-8"?>
2<manifest xmlns:android="http://schemas.android.com/apk/res/android"
3    xmlns:dist="http://schemas.android.com/apk/distribution"
4    featureSplit="subjects"
5    package="ng.mathemandy.ulesson"
6    android:versionCode="1"
7    android:versionName="1.0" >
8
9    <uses-sdk
10        android:minSdkVersion="21"
10-->src/main/AndroidManifest.xml
11        android:targetSdkVersion="30" />
11-->src/main/AndroidManifest.xml
12
13    <dist:module
13-->src/main/AndroidManifest.xml:6:5-13:19
14        dist:instant="false"
14-->src/main/AndroidManifest.xml:7:9-29
15        dist:title="@string/title_home" >
15-->src/main/AndroidManifest.xml:8:9-40
16        <dist:delivery>
16-->src/main/AndroidManifest.xml:9:9-11:25
17            <dist:install-time />
17-->src/main/AndroidManifest.xml:10:13-34
18        </dist:delivery>
19
20        <dist:fusing dist:include="true" />
20-->src/main/AndroidManifest.xml:12:9-44
20-->src/main/AndroidManifest.xml:12:22-41
21    </dist:module>
22
23    <application
23-->[androidx.constraintlayout:constraintlayout:1.1.3] AndroidManifest.xml:9:5-20
24        android:debuggable="true"
25        android:testOnly="true" />
26
27</manifest>